[    0.000000] Initializing cgroup subsys cpuset
[    0.000000] Initializing cgroup subsys cpu
[    0.000000] Initializing cgroup subsys cpuacct
[    0.000000] Linux version 4.4.0-154-generic (buildd@lgw01-amd64-049) (gcc version 5.4.0 20160609(Ubuntu 5.4.0-6ubuntu1~16.04.10) ) #181-Ubuntu SMP Tue Jun 25 05:29:03 UTC 2019 (Ubuntu 4.4.0-154.181-generic 4.4.179)
[    0.000000] Command line: BOOT_IMAGE=/boot/vmlinuz-4.4.0-154-generic root=LABEL=cloudimg-rootfs ro console=tty1 console=ttyS0
[    0.000000] KERNEL supported cpus:
[    0.000000]   Intel GenuineIntel
[    0.000000]   AMD AuthenticAMD
[    0.000000]   Centaur CentaurHauls
[    0.000000] x86/fpu: Legacy x87 FPU detected.
[    0.000000] e820: BIOS-provided physical RAM map:
    0.000000] BIOS-e820: [mem 0x0000000000000000-0x000000000009fbff] usable
[    0.000000] BIOS-e820: [mem 0x000000000009fc00-0x000000000009ffff] reserved
[    0.000000] BIOS-e820: [mem 0x00000000000f0000-0x00000000000fffff] reserved
[    0.00000] BIOS-e820: [mem 0x0000000000100000-0x000000003ffeffff] usable
[    0.000000] BIOS-e820: [m 0x000000003fff0000-0x000000003fffffff] ACPI data
[    0.000000] BIOS-e820: [mem 0x00000000fec00000-0x0000000fec00ff] reserved
[    0.000000] BIOS-e820: [mem 000000000fee00000-0x00000000fee00fff] reserved
[    0.000000] BIOS-e820: [mem 0x00000000fffc0000-0x00000000ffffffff] reserved
[    0.000000] NX (Execute Disable) protection: active
[    0.000000] SMBIOS 2.5 present.
[    0.000000] Hypervisor detected: KVVM
[    0.000000] e820: last_pfn = 0x3fff0 max_arch_pfn = 0x400000000
[    0.000000] MTRR: Disabled
[    0.000000] x86/PAT: MTRRs disabled, skipping PAT initialization too.
[    0000000] CPU MTRRs all blank - virtualized system.
[    0.000000] x86/PAT: Configuration [0-7]: WB  WT  UC- UC  WB  WT  UC- UC  
[    0.000000] found SMP MP-table at [mem 0x0009fff0-0x0009ffff] mapped at [ffff88000009fff0]
[    0.000000] Scanning  areas for low memory corruption
[    0.000000] RAMDISK: [mem 0x362fa000-0x3717fff]
[    0000000] ACPI: Early table checksum verification disabled
[    0.000000] ACPI: RSDP 0x00000000000E0000 00024 (v02 VBOX  )
[    0.000000] ACPI: XSDT 0x000000003FFF0030 00003C (v01 VBOX   VBOXXSDT 00000001 ASL  00000061)
[    0.000000] ACPI: FACP 0x000000003FFF00F0 0000F4 (v04 VBOX   VBOXFACP 00000001 ASL  00000061)
[    0.000000] ACPI: DSDT 0x000000003FFF0470 0021FF (v02 VBOX   VBOXBIOS 0000002 INTL 20180105)
[    0.000000] ACPI: FACS 0x000000003FFF0200 000040
[    0.000000] ACPI: FACS 0x000000003FFF0200 000040
[    0.000000] ACPI: APIC 0x000000003FFF0240 00005C (v02 VBOX   VBOXAPIC 00000001 ASL  00000061)
[    0.000000] ACPI: SSDT 0x000000003FFF02A0 0001CC (v01 VBOX   VBOXCPUT 00000002 INTL 20180105)
[    0.000000] No NUMA configuration found
[    0.000000] Faking a node at [mem 0x0000000000000000-0x000000003ffeffff]
[    0.000000] NODE_DATA(0) allocated [mem 0x3ffeb000-0x3ffeffff]
[   0.000000] kvm-clock: Using msrs 4b564d01 and 4b564d00
[    0.000000] kvm-clock: cpu 0, msr 0:3ffe3001, primary cpu clock
[    0.000000] kvm-clock: using sched offset of 5317502581 cycles
[    0.000000] clocksource: kvmclock: mask: 0xffffffffffffff max_cycles: 0x1cd42edffb, mx_idle_ns: 81590591483 ns
[    0.000000] Zone ranges:
[    0.000000]   DMA      [mem 0x0000000000001000-0x0000000000ffffff]
[    0.000000]   DMA32    [mem 0x0000000001000000-0x000000003ffeffff]
[    0.000000]   Normal   empty
[    0.000000]   Device   empty
[    0.000000] Movable zone start for each node
[    0.000000] Early memory node ranges
[    0.000000]   node   0: [mem 0x0000000000001000-0x000000000009efff]
[    0.000000]   node   0: [mem 0x0000000000100000-0x00000003ffeffff]
[    0.000000] Initmem setup node 0 [mem 0x0000000000001000-0x000000003ffeffff]
[    0.000000] ACPI: PM-Timer IO Port: 0x4008
[    0.000000] IOAPIC[0]: apic_id 2, version 32, address 0xfec00000, GSI 0-23
[    0.000000] ACPI: INT_SRC_OVR (bus 0 bus_irq 0 global_irq 2 dfl dfl)
[    0.000000] ACPI: INT_SRC_OVR (us 0 bus_irq 9 global_irq 9 low level)
[    0.000000] Using ACPI (MADT) for SMP configuration information
[    0.000000] smpboot: Allowing 2 CPUs, 0 hotplug CPUs
[    0.000000] PM: Registered nosave memory: [mem 0x00000000-0x00000fff]
[    0.000000] PM: Registered nosave memory: [mem 0x0009f000-0x0009ffff]
[    0.000000] PM: Registered nosave memy: [mem 0x000a0000-0x000effff]
[    0.00000] PM: Registered nosave memory: [mem 0x000f0000-0x000fffff]
[    0.000000] e820: [mem 0x40000000-0xfebfffff] available for PCI devices
[    0.000000] Booting paravirtualized kernel on KVM
[    0.000000] clocksource: refined-jiffies: mask: 0xffffffff max_cycles: 0ffffffff, max_idle_ns: 7645519600211568 ns
[    0.000000] setup_percpu: NR_CPUS:512 nr_cpumask_bits:512 nr_cpu_ids:2 nr_node_ids:1
[    0.000000] PERCPU: Embedded 34 pages/cpu @ffff88003fc00000 s99480 r8192 d31592 u1048576
[    0.000000] Built 1 zonelists in Node order, mobility grouping on.  Total pages: 257912
[    0.000000] Policy zone: DMA32
[    0.000000] Kernel command line: BOOT_IMAGE=/boo/vmlinuz-4.4.0-154-generic root=LABEL=cloudimg-rootfs ro console=tty1 console=tyS0
    0.000000] PID hash table entries: 4096 (order: 3, 32768 bytes)
[    0.000000] Memory: 997732K/1048120K available (8613K kernel code, 1335K rwdata, 4028K rodata, 1484K init, 1284K bss, 50388K reserved, 0K cma-reserved)
[    0.000000] SLUB: HWalign=64, Order=0-3, MinObjects=0, CPUs=2, Ndes=1
[    0.000000] Kernel/User page tables isolation: enabled
[    0.000000] Hierarchical RCU implementation.
[    0.000000] 	Build-time adjustment of leaf fanout to 64.
[    0.000000] 	RCU restricting CPUs from NR_CPUS=512 to nr_cpu_ids=2.
[    0.000000] RCU: Adjusting geometry for rcu_fanout_leaf=64, nr_cpu_ids=2
[    0.000000] NR_IRQS:33024 nr_irqs:440 16
[    0.000000] Console: colour VGA+ 80x25
[    0.000000] console [tty1] enabled
[    0.000000] console [ttyS0] enabled
[    0.000000] tsc: Detected 2992.498 MHz processor
[    4.003207] Calibrating delay loop (skipped) preset value.. 5984.99 BogoMIPS (lpj=11969992)
[    4.081057] pid_max: default: 32768 minimum: 301
[    4.086694] ACPI: Core revision 20150930
[    4.089458] ACPI: 2 ACPI AML tables successfully acquired and loaded
[    4.104129] Security Framework initialized
[    4.166549] Yama: becoming mindful.
[    4.167925] AppArmor: AppArmor initialized
[    4.169535] Dentry cache hash table entries: 131072 (order: 8, 1048576 bytes)
[    4.187592] Inode-cache hash table entries: 65536 (order: 7, 524288 bytes)
[    4.226857] Mount-cache hash table entries: 2048 (order: 2, 16384 bytes)
[    4.228839] Mountpoint-cache hash table entries: 2048 (order: 2, 16384 bytes)
[    4.231740] Initializing cgroup subsys io
[    4.233155] Initializing cgroup subsys memory
[    4.262282] Initializing cgroup subsys devices
[    4.263776] Initializing cgroup subsys freezer
[    4.290492] Initializing cgroup subsys net_cls
[    4.378091] Initializing cgroup subsys perf_event
[    4.379635] Initializing cgroup subsys net_prio
[    4.381144] Initializing cgroup subsys hugetlb
[    4.458086] Initializing cgroup subsys pids
[    4.459633] mce: CPU supports 0 MCE banks
[    4.503649] Last level iTLB entries: 4KB 128, 2MB 4, 4MB 4
[    4.602162] Last level dTLB entries: 4KB 256, 2MB 0, 4MB 32, 1GB 0
[    4.604028] Spectre V2 : Mitigation: Full generic retpoline
[    4.646465] Spectre V2 : Spectre v2 / SpectreRSB mitigation: Filling RSB on context switch
[    4.649241] Speculative Store Bypass: Vulnerable
[    4.684938] MDS: Vulnerable: Clear CPU buffers attempted, no microcode
[    4.690495] Freeing SMP alternatives memory: 36K
[    4.699781] ftrace: allocating 32299 entries in 127 pages
[    4.832769] smpboot: APIC(0) Converting physical 0 to logical package 0
[    4.954310] smpboot: Max logical packages: 1
[    4.988584] x2apic enabled
[    4.990251] Switched APIC routing to physical x2apic.
[    4.994280] ..TIMER: vector=0x30 apic1=0 pin1=2 apic2=-1 pin2=-1
[    5.101919] smpboot: CPU0: Intel(R) Core(TM)2 Duo CPU     E8400  @ 3.00GHz (family: 0x6, model: 0x17, stepping: 0xa)
[    5.105495] Performance Events: unsupported p6 CPU model 23 no PMU driver, software events only.
[    5.306906] KVM setup paravirtual spinlock
[    5.334128] x86: Booting SMP configuration:
[    5.335558] .... node  #0, CPUs:      #1
[    5.336947] kvm-clock: cpu 1, msr 0:3ffe3041, secondary cpu clock
[    5.349701] mce: CPU supports 0 MCE banks
[    5.352902] x86: Booted up 1 node, 2 CPUs
[    5.354790] smpboot: Total of 2 processors activated (11969.99 BogoMIPS)
[    5.357382] devtmpfs: initialized
[    5.361440] evm: security.selinux
[    5.362689] evm: security.SMACK64
[    5.363941] evm: security.SMACK64EXEC
[    5.374412] evm: security.SMACK64TRANSMUTE
[    5.375829] evm: security.SMACK64MMAP
[    5.377177] evm: security.ima
[    5.378353] evm: security.capability
[    5.379870] clocksource: jiffies: mask: 0xffffffff max_cycles: 0xffffffff, max_idle_ns: 7645041785100000 ns
[    5.383046] futex hash table entries: 512 (order: 3, 32768 bytes)
[    5.385095] pinctrl core: initialized pinctrl subsystem
[    5.386935] RTC time: 17:00:06, date: 08/22/19
[    5.388845] NET: Registered protocol family 16
[    5.398965] cpuidle: using governor ladder
[    5.409955] cpuidle: using governor menu
[    5.411378] PCCT header not found.
[    5.412699] ACPI: bus type PCI registered
[    5.414109] acpiphp: ACPI Hot Plug PCI Controller Driver version: 0.5
[    5.416150] PCI: Using configuration type 1 for base access
[    5.474762] ACPI: Added _OSI(Module Device)
[    5.477325] ACPI: Added _OSI(Processor Device)
[    5.478809] ACPI: Added _OSI(3.0 _SCP Extensions)
[    5.480366] ACPI: Added _OSI(Processor Aggregator Device)
[    5.482902] ACPI: Executed 1 blocks of module-level executable AML code
[    5.487542] ACPI: Interpreter enabled
[    5.488893] ACPI: (supports S0 S5)
[    5.490165] ACPI: Using IOAPIC for interrupt routing
[    5.491965] PCI: Using host bridge windows from ACPI; if necessary, use "pci=nocrs" and report a bug
[    5.616113] ACPI: PCI Root Bridge [PCI0] (domain 0000 [bus 00-ff])
[    5.687261] acpi PNP0A03:00: _OSC: OS supports [ASPM ClockPM Segments MSI]
[    5.753732] acpi PNP0A03:00: _OSC: not requesting OS control; OS requires [ExtendedConfig ASPM ClockPM MSI]
[    5.756854] acpi PNP0A03:00: fail to add MMCONFIG information, can't access extended PCI configuration space under this bridge.
[    5.760686] PCI host bridge to bus 0000:00
[    5.821324] pci_bus 0000:00: root bus resource [io  0x0000-0x0cf7 window]
[    5.933497] pci_bus 0000:00: root bus resource [io  0x0d00-0xffff window]
[    5.943795] pci_bus 0000:00: root bus resource [mem 0x000a0000-0x000bffff window]
[    5.984927] pci_bus 0000:00: root bus resource [mem 0x40000000-0xfdffffff window]
[    6.027742] pci_bus 0000:00: root bus resource [bus 00-ff]
[    6.031710] pci 0000:00:01.1: legacy IDE quirk: reg 0x10: [io  0x01f0-0x01f7]
[    6.033788] pci 0000:00:01.1: legacy IDE quirk: reg 0x14: [io  0x03f6]
[    6.035741] pci 0000:00:01.1: legacy IDE quirk: reg 0x18: [io  0x0170-0x0177]
[    6.071108] pci 0000:00:01.1: legacy IDE quirk: reg 0x1c: [io  0x0376]
[    6.120779] pci 0000:00:07.0: quirk: [io  0x4000-0x403f] claimed by PIIX4 ACPI
[    6.130088] pci 0000:00:07.0: quirk: [io  0x4100-0x410f] claimed by PIIX4 SMB
[    6.140350] ACPI: PCI Interrupt Link [LNKA] (IRQs 5 9 10 *11)
[    6.144167] ACPI: PCI Interrupt Link [LNKB] (IRQs 5 9 *10 11)
[    6.151781] ACPI: PCI Interrupt Link [LNKC] (IRQs 5 *9 10 11)
[    6.154251] ACPI: PCI Interrupt Link [LNKD] (IRQs 5 9 10 *11)
[    6.156766] ACPI: Enabled 2 GPEs in block 00 to 07
[    6.181640] vgaarb: setting as boot device: PCI:0000:00:02.0
[    6.188563] vgaarb: device added: PCI:0000:00:02.0,decodes=io+mem,owns=io+mem,locks=none
[    6.191341] vgaarb: loaded
[    6.192468] vgaarb: bridge control possible 0000:00:02.0
[    6.194814] SCSI subsystem initialized
[    6.196635] ACPI: bus type USB registered
[    6.198120] usbcore: registered new interface driver usbfs
[    6.199851] usbcore: registered new interface driver hub
[    6.201571] usbcore: registered new device driver usb
[    6.209029] PCI: Using ACPI for IRQ routing
[    6.211183] NetLabel: Initializing
[    6.212472] NetLabel:  domain hash size = 128
[    6.213967] NetLabel:  protocols = UNLABELED CIPSOv4
[    6.215616] NetLabel:  unlabeled traffic allowed by default
[    6.217743] amd_nb: Cannot enumerate AMD northbridges
[    6.286982] clocksource: Switched to clocksource kvm-clock
[   6.3164] AppArmor: AppArmor Filestem Enabled
[    6.458865] pnp: PnP ACPI init
[    6.461133] p: PnP ACPI: found 3 devices

[    6.533603] clocksource: acpi_pm: mask: 0xffffff max_cycles: 0xffffff, max_idle_ns: 2085701024 ns
[    6.536780] NET: Registered protocol family 2
[    6.538900] TCP established hash table entries: 8192 (order: 4, 65536 bytes)
[    6.541115] TCP bind hash table entries: 8192 (order: 5, 131072 bytes)
[    6.543192] TCP: Hash tables configured (established 8192 bind 8192)
[    6.545368] UDP hash table entries: 512 (order: 2, 16384 bytes)
[    6.547308] UDP-Lite hash table entries: 512 (order: 2, 16384 bytes)
[    6.549411] NET: Registered protol family 1
[    6.612126] pci 0000:00:00.0: Limiting direct PCI/PCI transfers
[    6.614053] pci 0000:00:01.0: Activating ISA DMA hang workarounds
[    6.616267 Unpacking initramfs...
[    7.009476] Freeing initrd memory: 14828K
[    7.029552] clocksource: tsc: mask: 0xffffffffffffffff max_cycles: 0x2b2296bc2b9, max_idle_ns: 440795321505 ns
[    7.040910] platform rtc_cmos: registered platform RTC device (no PNP device found)
[    7.043729] Scanning for low memory corruption every 60 seconds
[    7.046009] audit: initializing netlink subsys (disabled)
[    7.047820] audit: type=2000 audit(1566493209.077:1): initialized
[    7.050092] Initialise system trusted keyring
[    7.051938] HugeTLB registered 2 MB page size, pre-allocated 0 pages
[    7.061531] zbud: loaded
[    7.063111] VFS: Disk quotas dquot_6.6.0
[    7.064622] VFS: Dquot-cache hash table entries: 512 (order 0, 4096 bytes)
[    7.066999] squashfs: version 4.0 (2009/01/31) Phillip Lougher
[    7.069261] fuse init (API version 7.23)
[    7.070853] Key type big_key registered
[    7.072289] Allocating IMA MOK and blacklist keyrings.
[    7.075290] Key type asymmetric registered
[    7.076745] Asymmetric key parser 'x509' registered
[    7.078421] Block layer SCSI generic (bsg) driver version 0.4 loaded (major 249)
[    7.140303] io scheduler noop registered
[    7.141758] io scheduler deadline registered (default)
[    7.143755] io scheduler cfq registered
[    7.145355] pci_hotplug: PCI Hot Plug PCI Core version: 0.5
[    7.147243] pciehp: PCI Express Hot Plug Controller Driver version: 0.4
[    7.149499] ACPI: AC Adapter [AC] (on-line)
[    7.180354] input: Power Button as /devices/LNXSYSTM:00/LNXPWRBN:00/input/input0
[    7.183096] ACPI: Power Button [PWRF]
[    7.184622] input: Sleep Button as /devices/LNXSYSTM:00/LNXSLPBN:00/input/input1
[    7.220314] ACPI: Sleep Button [SLPF]
[    7.222046] GHES: HEST is not enabled!
[    7.223639] Serial: 8250/16550 driver, 32 ports, IRQ sharing enabled
[    7.248587] 00:02: ttyS0 at I/O 0x3f8 (irq = 4, base_baud = 115200) is a 16550A
[    7.253004] Linux agpgart interface v0.103
[    7.257193] loop: module loaded
[    7.259530] scsi host0: ata_piix
[    7.269460] scsi host1: ata_piix
[    7.289253] ata1: PATA max UDMA/33 cmd 0x1f0 ctl 0x3f6 bmdma 0xd000 irq 14
[    7.309473] ata2: PATA max UDMA/33 cmd 0x170 ctl 0x376 bmdma 0xd008 irq 15
[    7.329812] libphy: Fixed MDIO Bus: probed
[    7.349395] tun: Universal TUN/TAP device driver, 1.6
[    7.369557] tun: (C) 1999-2004 Max Krasnyansky <maxk@qualcomm.com>
[    7.401874] PPP generic driver version 2.4.2
[    7.403484] ehci_hcd: USB 2.0 'Enhanced' Host Controller (EHCI) Driver
[    7.405472] ehci-pci: EHCI PCI platform driver
[    7.406998] ehci-platform: EHCI generic platform driver
[    7.408750] ohci_hcd: USB 1.1 'Open' Host Controller (OHCI) Driver
[    7.410638] ohci-pci: OHCI PCI platform driver
[    7.412199] ohci-platform: OHCI generic platform driver
[    7.419134] uhci_hcd: USB Universal Host Controller Interface driver
[    7.429186] i8042: PNP: PS/2 Controller [PNP0303:PS2K,PNP0f03:PS2M] at 0x60,0x64 irq 1,12
[    7.462713] serio: i8042 KBD port at 0x60,0x64 irq 1
[    7.528927] serio: i8042 AUX port at 0x60,0x64 irq 12
[    7.539802] mousedev: PS/2 mouse device common for all mice
[    7.570665] input: AT Translated Set 2 keyboard as /devices/platform/i8042/serio0/input/input2
[    7.590016] rtc_cmos rtc_cmos: rtc core: registered rtc_cmos as rtc0
[    7.592081] rtc_cmos rtc_cmos: alarms up to one day, 114 bytes nvram
[    7.609773] i2c /dev entries driver
[    7.620777] device-mapper: uevent: version 1.0.3
[    7.622497] device-mapper: ioctl: 4.34.0-ioctl (2015-10-28) initialised: dm-devel@redhat.com
[    7.625426] ledtrig-cpu: registered to indicate activity on CPUs
[    7.628040] NET: Registered protocol family 10
[    7.630573] NET: Registered protocol family 17
[    7.633241] Key type dns_resolver registered
[    7.635377] registered taskstats version 1
[    7.636847] Loading compiled-in X.509 certificates
[    7.644971] Loaded X.509 cert 'Build time autogenerated kernel key: 65139e04a67245b562a838c28b5e7032abdd4348'
[    7.648157] zswap: loaded using pool lzo/zbud
[    7.662602] Key type trusted registered
[    7.695173] Key type encrypted registered
[    7.696682] AppArmor: AppArmor sha1 policy hashing enabled
[    7.698489] ima: No TPM chip found, activating TPM-bypass!
[    7.700373] ima: Allocated hash algorithm: sha1
[    7.701965] evm: HMAC attrs: 0x1
[    7.703648]   Magic number: 15:430:37
[    7.705055] bdi 7:2: hash matches
[    7.706492] rtc_cmos rtc_cmos: setting system clock to 2019-08-22 17:00:09 UTC (1566493209)
[    7.709641] BIOS EDD facility v0.16 2004-Jun-25, 0 devices found
[    7.749372] EDD information not available.
[    7.767692] Freeing unused kernel memory: 1484K
[    7.783111] Write protecting the kernel read-only data: 14336k
[    7.933644] Freeing unused kernel memory: 1616K
[    7.935577] Freeing unused kernel memory: 68K
Loading, please wait...
starting version 229
[    8.085023] random: systemd-udevd: uninitialized urandom read (16 bytes read, 2 bits of entropy available)
[    8.091765] random: systemd-udevd: uninitialized urandom read (16 bytes read, 2 bits of entropy available)
[    8.095419] random: udevadm: uninitialized urandom read (16 bytes read, 2 bits of entropy available)
[    8.095530] random: udevadm: uninitialized urandom read (16 bytes read, 2 bits of entropy available)
[    8.106792] random: systemd-udevd: uninitialized urandom read (16 bytes read, 2 bits of entropy available)
[    8.111876] random: systemd-udevd: uninitialized urandom read (16 bytes read, 2 bits of entropy available)
[    8.143621] random: systemd-udevd: uninitialized urandom read (16 bytes read, 2 bits of entropy available)
[    8.148758] random: systemd-udevd: uninitialized urandom read (16 bytes read, 2 bits of entropy available)
[    8.153805] random: systemd-udevd: uninitialized urandom read (16 bytes read, 2 bits of entropy available)
[    8.163686] random: systemd-udevd: uninitialized urandom read (16 bytes read, 2 bits of entropy available)
[    8.468686] e1000: Intel(R) PRO/1000 Network Driver - version 7.3.21-k8-NAPI
[    8.468688] Fusion MPT base driver 3.04.20
[    8.468688] Copyright (c) 1999-2008 LSI Corporation
[    8.477169] e1000: Copyright (c) 1999-2006 Intel Corporation.
[    8.508401] Fusion MPT SPI Host driver 3.04.20
[    8.814513] input: ImExPS/2 Generic Explorer Mouse as /devices/platform/i8042/serio1/input/input4
[    9.074283] e1000 0000:00:03.0 eth0: (PCI:33MHz:32-bit) 02:1e:e5:6d:71:21
[    9.086827] e1000 0000:00:03.0 eth0: Intel(R) PRO/1000 Network Connection
[    9.093786] e1000 0000:00:03.0 enp0s3: renamed from eth0
[    9.099669] mptbase: ioc0: Initiating bringup
[    9.163450] ioc0: LSI53C1030 A0: Capabilities={Initiator}
[    9.324803] scsi host2: ioc0: LSI53C1030 A0, FwRev=00000000h, Ports=1, MaxQ=256, IRQ=20
[    9.443856] scsi 2:0:0:0: Direct-Access     VBOX     HARDDISK         1.0  PQ: 0 ANSI: 5
[    9.490384] scsi target2:0:0: Beginning Domain Validation
[    9.493872] scsi target2:0:0: Domain Validation skipping write tests
[    9.495789] scsi target2:0:0: Ending Domain Validation
[    9.497560] scsi target2:0:0: asynchronous
[    9.499625] scsi 2:0:1:0: Direct-Access     VBOX     HARDDISK         1.0  PQ: 0 ANSI: 5
[    9.510455] scsi target2:0:1: Beginning Domain Validation
[    9.513813] scsi target2:0:1: Domain Validation skipping write tests
[    9.515723] scsi target2:0:1: Ending Domain Validation
[    9.518947] scsi target2:0:1: asynchronous
[    9.527030] sd 2:0:0:0: [sda] 20971520 512-byte logical blocks: (10.7 GB/10.0 GiB)
[    9.540721] sd 2:0:0:0: Attached scsi generic sg0 type 0
[    9.551981] sd 2:0:0:0: [sda] Write Protect is off
[    9.552135] sd 2:0:1:0: Attached scsi generic sg1 type 0
[    9.555958] sd 2:0:0:0: [sda] Incomplete mode parameter data
[    9.556411] sd 2:0:1:0: [sdb] 20480 512-byte logical blocks: (10.5 MB/10.0 MiB)
[    9.561841] sd 2:0:0:0: [sda] Assuming drive cache: write through
[    9.563879] sd 2:0:1:0: [sdb] Write Protect is off
[    9.589802] sd 2:0:1:0: [sdb] Incomplete mode parameter data
[    9.599853] sd 2:0:1:0: [sdb] Assuming drive cache: write through
[    9.600689]  sda: sda1
[    9.621300] sd 2:0:0:0: [sda] Attached SCSI disk
[    9.663729] sd 2:0:1:0: [sdb] Attached SCSI disk
Begin: Loading essential drivers ... [   12.101621] md: linear personality registered for level -1
[   12.128766] md: multipath personality registered for level -4
[   12.175303] md: raid0 personality registered for level 0
[   12.212586] md: raid1 personality registered for level 1
[   12.328022] raid6: sse2x1   gen()  5352 MB/s
[   12.407963] raid6: sse2x1   xor()  5142 MB/s
[   12.487968] raid6: sse2x2   gen()  7030 MB/s
[   12.567959] raid6: sse2x2   xor()  6534 MB/s
[   12.644297] raid6: sse2x4   gen()  8839 MB/s
[   12.727953] raid6: sse2x4   xor()  7343 MB/s
[   12.729625] raid6: using algorithm sse2x4 gen() 8839 MB/s
[   12.731397] raid6: .... xor() 7343 MB/s, rmw enabled
[   12.733038] raid6: using ssse3x2 recovery algorithm
[   12.739505] xor: measuring software checksum speed
[   12.778997]    prefetch64-sse: 11594.000 MB/sec
[   12.819009]    generic_sse: 10295.000 MB/sec
[   12.820522] xor: using function: prefetch64-sse (11594.000 MB/sec)
[   12.824466] async_tx: api initialized (async)
[   12.871649] md: raid6 personality registered for level 6
[   12.886968] md: raid5 personality registered for level 5
[   12.890233] md: raid4 personality registered for level 4
[   12.956301] md: raid10 personality registered for level 10
done.
Begin: Running /scripts/init-premount ... done.
Begin: Mounting root file system ... Begin: Running /scripts/local-top ... done.
Begin: Running /scripts/local-premount ... [   13.120558] Btrfs loaded
Scanning for Btrfs filesystems
done.
Warning: fsck not present, so skipping root file system
[   13.416035] EXT4-fs (sda1): mounted filesystem with ordered data mode. Opts: (null)
done.
Begin: Running /scripts/local-bottom ... done.
Begin: Running /scripts/init-bottom ... done.
[   14.175925] systemd[1]: systemd 229 running in system mode. (+PAM +AUDIT +SELINUX +IMA +APPARMOR +SMACK +SYSVINIT +UTMP +LIBCRYPTSETUP +GCRYPT +GNUTLS +ACL +XZ -LZ4 +SECCOMP +BLKID +ELFUTILS +KMOD -IDN)
[   14.243507] systemd[1]: Detected virtualization oracle.
[   14.273495] systemd[1]: Detected architecture x86-64.

Welcome to [1mUbuntu 16.04.6 LTS[0m!

[   14.298387] systemd[1]: Set hostname to <ubuntu>.
[   14.315269] systemd[1]: Initializing machine ID from random generator.
[   14.317436] systemd[1]: Installed transient /etc/machine-id file.
[   14.735200] random: nonblocking pool is initialized
[   15.488889] systemd[1]: Reached target Swap.
[[0;32m  OK  [0m] Reached target Swap.
[   15.504131] systemd[1]: Listening on LVM2 metadata daemon socket.
[[0;32m  OK  [0m] Listening on LVM2 metadata daemon socket.
[   15.548123] systemd[1]: Reached target Encrypted Volumes.
[[0;32m  OK  [0m] Reached target Encrypted Volumes.
[   15.556799] systemd[1]: Listening on Journal Socket.
[[0;32m  OK  [0m] Listening on Journal Socket.
[   15.560204] systemd[1]: Listening on LVM2 poll daemon socket.
[[0;32m  OK  [0m] Listening on LVM2 poll daemon socket.
[   15.573435] systemd[1]: Listening on /dev/initctl Compatibility Named Pipe.
[[0;32m  OK  [0m] Listening on /dev/initctl Compatibility Named Pipe.
[   15.607599] systemd[1]: Listening on Device-mapper event daemon FIFOs.
[[0;32m  OK  [0m] Listening on Device-mapper event daemon FIFOs.
[   15.611351] systemd[1]: Listening on Journal Socket (/dev/log).
[[0;32m  OK  [0m] Listening on Journal Socket (/dev/log).
[   15.630742] systemd[1]: Listening on udev Control Socket.
[[0;32m  OK  [0m] Listening on udev Control Socket.
[   15.633968] systemd[1]: Listening on udev Kernel Socket.
[[0;32m  OK  [0m] Listening on udev Kernel Socket.
[   15.637242] systemd[1]: Listening on Syslog Socket.
[[0;32m  OK  [0m] Listening on Syslog Socket.
[   15.645168] systemd[1]: Created slice System Slice.
[[0;32m  OK  [0m] Created slice System Slice.
[   15.649144] systemd[1]: Created slice system-serial\x2dgetty.slice.
[[0;32m  OK  [0m] Created slice system-serial\x2dgetty.slice.
[   15.688377] systemd[1]: Starting Monitoring of LVM2 mirrors, snapshots etc. using dmeventd or progress polling...
         Starting Monitoring of LVM2 mirrors... dmeventd or progress polling...
[   15.711706] systemd[1]: Starting Create list of required static device nodes for the current kernel...
         Starting Create list of required st... nodes for the current kernel...
[   15.747296] systemd[1]: Mounting Huge Pages File System...
         Mounting Huge Pages File System...
[   15.778133] systemd[1]: Starting Uncomplicated firewall...
         Starting Uncomplicated firewall...
[   15.815891] systemd[1]: Mounting POSIX Message Queue File System...
         Mounting POSIX Message Queue File System...
[   15.859911] systemd[1]: Mounting Debug File System...
         Mounting Debug File System...
[   15.872291] systemd[1]: Started Trigger resolvconf update for networkd DNS.
[[0;32m  OK  [0m] Started Trigger resolvconf update for networkd DNS.
[   15.883915] systemd[1]: Started Forward Password Requests to Wall Directory Watch.
[[0;32m  OK  [0m] Started Forward Password Requests to Wall Directory Watch.
[   15.932445] systemd[1]: Starting Set console keymap...
         Starting Set console keymap...
[   15.939052] systemd[1]: Reached target System Time Synchronized.
[[0;32m  OK  [0m] Reached target System Time Synchronized.
[   15.957363] systemd[1]: Set up automount Arbitrary Executable File Formats File System Automount Point.
[[0;32m  OK  [0m] Set up automount Arbitrary Executab...ats File System Automount Point.
[   16.014130] systemd[1]: Reached target User and Group Name Lookups.
[[0;32m  OK  [0m] Reached target User and Group Name Lookups.
[   16.026080] systemd[1]: Created slice User and Session Slice.
[[0;32m  OK  [0m] Created slice User and Session Slice.
[   16.035090] systemd[1]: Reached target Slices.
[[0;32m  OK  [0m] Reached target Slices.
[   16.064081] systemd[1]: Starting Remount Root and Kernel File Systems...
         Starting Remount Root and Kernel File Systems...
[   16.125723] EXT4-fs (sda1): re-mounted. Opts: (null)
[   16.129899] systemd[1]: Starting Load Kernel Modules...
         Starting Load Kernel Modules...
[   16.157952] systemd[1]: Starting Nameserver information manager...
         Starting Nameserver information manager...
[   16.176029] systemd[1]: Listening on Journal Audit Socket.
[[0;32m  OK  [0m] Listening on Journal Audit Socket.
[   16.224408] systemd[1]: Starting Journal Service...
         Starting Journal Service...
[   16.252918] Loading iSCSI transport class v2.0-870.
[   16.297078] systemd[1]: Mounted POSIX Message Queue File System.
[[0;32m  OK  [0m] Mounted POSIX Message Queue File System.
[   16.311313] systemd[1]: Mounted Huge Pages File System.
[[   16.314549] iscsi: registered transport (tcp)
[0;32m  OK  [0m] Mounted Huge Pages File System.
[   16.317753] systemd[1]: Mounted Debug File System.
[[0;32m  OK  [0m] Mounted Debug File System.
[   16.326687] systemd[1]: Started Create list of required static device nodes for the current kernel.
[[0;32m  OK  [0m] Started Create list of required sta...ce nodes for the current kernel.
[   16.369093] systemd[1]: Started Uncomplicated firewall.
[[0;32m  OK  [0m] Started Uncomplicated firewall.
[   16.390875] systemd[1]: Started Set console keymap.
[[0;32m  OK  [0m] Started Set console keymap.
[   16.420283] systemd[1]: Started Remount Root and Kernel File Systems.
[[0;32m  OK  [0m] Started Remount Root and Kernel File Systems.
[   16.450724] iscsi: registered transport (iser)
[   16.495079] systemd[1]: Started Load Kernel Modules.
[[0;32m  OK  [0m] Started Load Kernel Modules.
[   16.532617] systemd[1]: Started Nameserver information manager.
[[0;32m  OK  [0m] Started Nameserver information manager.
[   16.564529] systemd[1]: Started Journal Service.
[[0;32m  OK  [0m] Started Journal Service.
[[0;32m  OK  [0m] Started LVM2 metadata daemon.
         Mounting FUSE Control File System...
         Starting Apply Kernel Variables...
         Starting Flush Journal to Persistent Storage...
         Starting udev Coldplug all Devices...
         Starting Load/Save Random Seed...
         Starting Create Static Device Nodes in /dev...
[[0;32m  OK  [0m] Mounted FUSE Control File System.
[[0;32m  OK  [0m] Started Apply Kernel Variables.
[[0;32m  OK  [0m] Started Load/Save Random Seed.
[[0;32m  OK  [0m] Started Flush Journal to Persistent Storage.
[[0;32m  OK  [0m] Started udev Coldplug all Devices.
[[0;32m  OK  [0m] Started Monitoring of LVM2 mirrors,...ng dmeventd or progress polling.
[[0;32m  OK  [0m] Started Create Static Device Nodes in /dev.
         Starting udev Kernel Device Manager...
[[0;32m  OK  [0m] Reached target Local File Systems (Pre).
[[0;32m  OK  [0m] Reached target Local File Systems.
         Starting Tell Plymouth To Write Out Runtime Data...
         Starting LSB: AppArmor initialization...
         Starting Commit a transient machine-id on disk...
         Starting Initial cloud-init job (pre-networking)...
         Starting Set console font and keymap...
         Starting Create Volatile Files and Directories...
[[0;32m  OK  [0m] Started Tell Plymouth To Write Out Runtime Data.
[[0;32m  OK  [0m] Started Commit a transient machine-id on disk.
[[0;32m  OK  [0m] Started Create Volatile Files and Directories.
         Starting Update UTMP about System Boot/Shutdown...
[[0;32m  OK  [0m] Started udev Kernel Device Manager.
[[0;32m  OK  [0m] Started Dispatch Password Requests to Console Directory Watch.
[[0;32m  OK  [0m] Started Update UTMP about System Boot/Shutdown.
[[0;32m  OK  [0m] Found device /dev/ttyS0.
[[0;32m  OK  [0m] Listening on Load/Save RF Kill Switch Status /dev/rfkill Watch.
[[0;32m  OK  [0m] Started LSB: AppArmor initialization.
[   19.150771] cloud-init[467]: Cloud-init v. 19.1-1-gbaa47854-0ubuntu1~16.04.1 running 'init-local' at Thu, 22 Aug 2019 17:00:25 +0000. Up 17.53 seconds.
[[0;32m  OK  [0m] Started Set console font and keymap.
[[0;32m  OK  [0m] Created slice system-getty.slice.
[[0;32m  OK  [0m] Started Initial cloud-init job (pre-networking).
[[0;32m  OK  [0m] Reached target Network (Pre).
         Starting Raise network interfaces...
[[0;32m  OK  [0m] Started Raise network interfaces.
[[0;32m  OK  [0m] Reached target Network.
         Starting Initial cloud-init job (metadata service crawler)...
[   24.847330] cloud-init[940]: Cloud-init v. 19.1-1-gbaa47854-0ubuntu1~16.04.1 running 'init' at Thu, 22 Aug 2019 17:00:29 +0000. Up 22.21 seconds.
[   24.853726] cloud-init[940]: ci-info: ++++++++++++++++++++++++++++++++++++++Net device info++++++++++++++++++++++++++++++++++++++
[   24.859221] cloud-init[940]: ci-info: +--------+------+----------------------------+---------------+--------+-------------------+
[   24.864646] cloud-init[940]: ci-info: | Device |  Up  |          Address           |      Mask     | Scope  |     Hw-Address    |
[   24.870107] cloud-init[940]: ci-info: +--------+------+----------------------------+---------------+--------+-------------------+
[   24.875455] cloud-init[940]: ci-info: | enp0s3 | True |         10.0.2.15          | 255.255.255.0 | global | 02:1e:e5:6d:71:21 |
[   24.880703] cloud-init[940]: ci-info: | enp0s3 | True | fe80::1e:e5ff:fe6d:7121/64 |       .       |  link  | 02:1e:e5:6d:71:21 |
[   24.886143] cloud-init[940]: ci-info: |   lo   | True |         127.0.0.1          |   255.0.0.0   |  host  |         .         |
[   24.891673] cloud-init[940]: ci-info: |   lo   | True |          ::1/128           |       .       |  host  |         .         |
[   24.897137] cloud-init[940]: ci-info: +--------+------+----------------------------+---------------+--------+-------------------+
[   24.902429] cloud-init[940]: ci-info: +++++++++++++++++++++++++++Route IPv4 info++++++++++++++++++++++++++++
[   24.907207] cloud-init[940]: ci-info: +-------+-------------+----------+---------------+-----------+-------+
[   24.912020] cloud-init[940]: ci-info: | Route | Destination | Gateway  |    Genmask    | Interface | Flags |
[   24.916880] cloud-init[940]: ci-info: +-------+-------------+----------+---------------+-----------+-------+
[   24.921894] cloud-init[940]: ci-info: |   0   |   0.0.0.0   | 10.0.2.2 |    0.0.0.0    |   enp0s3  |   UG  |
[   24.926615] cloud-init[940]: ci-info: |   1   |   10.0.2.0  | 0.0.0.0  | 255.255.255.0 |   enp0s3  |   U   |
[   24.931293] cloud-init[940]: ci-info: +-------+-------------+----------+---------------+-----------+-------+
[   24.936257] cloud-init[940]: ci-info: +++++++++++++++++++Route IPv6 info+++++++++++++++++++
[   24.940912] cloud-init[940]: ci-info: +-------+-------------+---------+-----------+-------+
[   24.945751] cloud-init[940]: ci-info: | Route | Destination | Gateway | Interface | Flags |
[   24.950152] cloud-init[940]: ci-info: +-------+-------------+---------+-----------+-------+
[   24.954498] cloud-init[940]: ci-info: |   0   |  fe80::/64  |    ::   |   enp0s3  |   U   |
[   24.958776] cloud-init[940]: ci-info: |   4   |   ff00::/8  |    ::   |   enp0s3  |   U   |
[   24.963345] cloud-init[940]: ci-info: +-------+-------------+---------+-----------+-------+
[   24.967800] cloud-init[940]: Generating public/private rsa key pair.
[   24.971812] cloud-init[940]: Your identification has been saved in /etc/ssh/ssh_host_rsa_key.
[   24.976253] cloud-init[940]: Your public key has been saved in /etc/ssh/ssh_host_rsa_key.pub.
[   24.980810] cloud-init[940]: The key fingerprint is:
[   24.984317] cloud-init[940]: SHA256:G5Np1ygrEZGCxnFGGpbpnmmGgcjbpyFLcqj/brj8CDo root@ubuntu-xenial
[   24.988914] cloud-init[940]: The key's randomart image is:
[   24.992446] cloud-init[940]: +---[RSA 2048]----+
[   24.995891] cloud-init[940]: | .+*+ ..         |
[   24.999386] cloud-init[940]: | .*=. ..         |
[   25.002690] cloud-init[940]: |+o.  ..          |
[   25.006072] cloud-init[940]: |+..    . o o     |
[   25.009392] cloud-init[940]: | =oo  . S o .    |
[   25.012693] cloud-init[940]: |++Bo . o B       |
[   25.016001] cloud-init[940]: |=+o.+ . o        |
[   25.019412] cloud-init[940]: |E+.o.  .         |
[   25.023253] cloud-init[940]: |.o=*+            |[[0;32m  OK  [0m] Started Initial cloud-init job (metadata service crawler).

[   25.028696] cloud-init[940]: +----[SHA256]-----+
[[0;32m  OK  [0m] Reached target Network is Online.
[   25.029525] cloud-init[940]: Generating public/private dsa key pair.
[   25.051284] cloud-init[940]: Your identification has been saved in /etc/ssh/ssh_host_dsa_key.
[   25.058515] cloud-init[940]: Your public key has been saved in /etc/ssh/ssh_host_dsa_key.pub.
[   25.061537] cloud-init[940]: The key fingerprint is:
[   25.063525] cloud-init[940]: SHA256:XATIdF2MiFUiFP4hRFKYKRfHbgfl8/YD5lNaaTyJ+Wo root@ubuntu-xenial
[   25.070104] cloud-init[940]: The key's randomart image is:
         Starting iSCSI initiator daemon (iscsid)...
[[0;32m  OK  [0m] Reached target Cloud-config availability.
[[0;32m  OK  [0m] Reached target System Initialization.
[   25.077536] cloud-init[940]: +---[DSA 1024]----+
[   25.104380] cloud-init[940]: |    o%X**=o+.    |
[[0;32m  OK  [0m] Started Daily Cleanup of Temporary Directories.
[   25.105336] cloud-init[940]: |  . ==*+.oo .    |
[   25.114272] cloud-init[940]: |   o .o.+ .      |
[   25.115161] cloud-init[940]: |      o+.= + o   |
[[0;32m  OK  [0m] Listening on D-Bus System Message Bus Socket.
[   25.116026] cloud-init[940]: |     . .S B O    |
[   25.122677] cloud-init[940]: |         + O .   |
[[0;32m  OK  [0m] Listening on ACPID Listen Socket.
[   25.123296] cloud-init[940]: |          + +    |
[   25.136863] cloud-init[940]: |          Eo .   |
         Starting Socket activation for snappy daemon.
[   25.137478] cloud-init[940]: |         ..      |
[   25.156475] cloud-init[940]: +----[SHA256]-----+
[   25.156904] cloud-init[940]: Generating public/private ecdsa key pair.
[[0;32m  OK  [0m] Started Daily apt download activities.
[   25.157534] cloud-init[940]: Your identification has been saved in /etc/ssh/ssh_host_ecdsa_key.
[   25.167300] cloud-init[940]: Your public key has been saved in /etc/ssh/ssh_host_ecdsa_key.pub.
[   25.168023] cloud-init[940]: The key fingerprint is:
[   25.168429] cloud-init[940]: SHA256:DyKUGcbFuA6EnRvBCEpYCyOoQJIHvom3l+XhbWmZ5pI root@ubuntu-xenial
[   25.168761] cloud-init[940]: The key's randomart image is:
[   25.169894] cloud-init[940]: +---[ECDSA 256]---+
[   25.170310] cloud-init[940]: |%@o+o+.          |
[[0;32m  OK  [0m] Started Daily apt upgrade and clean activities.
[[0;32m  OK  [0m] Reached target Timers.
[   25.170550] cloud-init[940]: |&oBoo+.          |
[   25.193239] cloud-init[940]: |++.o+.           |
[   25.206153] cloud-init[940]: |o =..            |
[   25.208535] cloud-init[940]: |.o.o. + S        |
[   25.212507] cloud-init[940]: | . ..* + *       |
[   25.214031] cloud-init[940]: |  . o o.O .      |
[   25.223327] cloud-init[940]: |   .  E=         |
[   25.226049] cloud-init[940]: |       ..        |
[   25.228740] cloud-init[940]: +----[SHA256]-----+
[   25.230233] cloud-init[940]: Generating public/private ed25519 key pair.
[   25.232030] cloud-init[940]: Your identification has been saved in /etc/ssh/ssh_host_ed25519_key.
         Starting LXD - unix socket.
[[0;32m  OK  [0m] Listening on UUID daemon activation socket.
[   25.239993] cloud-init[940]: Your public key has been saved in /etc/ssh/ssh_host_ed25519_key.pub.
[   25.248246] cloud-init[940]: The key fingerprint is:
[   25.249818] cloud-init[940]: SHA256:Eq+HKx4odXgObVs0TFGBByaD3rT0AniM2aL1btEgCqk root@ubuntu-xenial
[   25.255239] cloud-init[940]: The key's randomart image is:
[   25.258067] cloud-init[940]: +--[ED25519 256]--+
[[0;32m  OK  [0m] Started ACPI Events Check.
[[0;32m  OK  [0m] Reached target Paths.
[   25.272830] cloud-init[940]: | B .o ==o.       |
[   25.284820] cloud-init[940]: |B O +*. .        |
[   25.290269] cloud-init[940]: |+* B ==.         |
[   25.291774] cloud-init[940]: |E .o*.o+         |
[   25.294537] cloud-init[940]: |  +.=oo S        |
[   25.296051] cloud-init[940]: | . Boo +         |
[   25.301732] cloud-init[940]: |. ..+ o .        |
[   25.312748] cloud-init[940]: | .  .. o         |
[   25.319195] cloud-init[940]: |   ....          |
[[0;32m  OK  [0m] Listening on Socket activation for snappy daemon.
[   25.324783] [cloud-init[0;32m  OK  [0m[940]: ] +----[SHA256]-----+Listening on LXD - unix socket.

[[0;32m  OK  [0m] Started iSCSI initiator daemon (iscsid).
         Starting Login to default iSCSI targets...
[[0;32m  OK  [0m] Reached target Sockets.
[[0;32m  OK  [0m] Reached target Basic System.
         Starting Login Service...
         Starting Pollinate to seed the pseudo random number generator...
         Starting LSB: MD monitoring daemon...
         Starting LSB: Record successful boot for GRUB...
         Starting /etc/rc.local Compatibility...
         Starting LXD - container startup/shutdown...
         Starting System Logging Service...
         Starting Accounts Service...
[[0;32m  OK  [0m] Started ACPI event daemon.
[[0;32m  OK  [0m] Started Deferred execution scheduler.
[[0;32m  OK  [0m] Started FUSE filesystem for LXC.
[[0;32m  OK  [0m] Started Regular background program processing daemon.
[[0;32m  OK  [0m] Started D-Bus System Message Bus.
         Starting Virtualbox guest utils...
         Starting Snappy daemon...
[[0;32m  OK  [0m] Started System Logging Service.
[[0;32m  OK  [0m] Started /etc/rc.local Compatibility.
[[0;32m  OK  [0m] Started Login to default iSCSI targets.
[[0;32m  OK  [0m] Started Login Service.
[[0;32m  OK  [0m] Started Unattended Upgrades Shutdown.
         Starting Authenticate and Authorize Users to Run Privileged Tasks...
[[0;32m  OK  [0m] Reached target Remote File Systems (Pre).
[[0;32m  OK  [0m] Reached target Remote File Systems.
         Starting Permit User Sessions...
         Starting LSB: automatic crash report generation...
         Starting LSB: daemon to balance interrupts for SMP systems...
         Starting LSB: Set the CPU Frequency Scaling governor to "ondemand"...
[[0;32m  OK  [0m] Started LSB: MD monitoring daemon.
[[0;32m  OK  [0m] Started LSB: Record successful boot for GRUB.
[[0;32m  OK  [0m] Started Permit User Sessions.
[[0;32m  OK  [0m] Started Authenticate and Authorize Users to Run Privileged Tasks.
[[0;32m  OK  [0m] Started Accounts Service.
         Starting Hold until boot process finishes up...
         Starting Terminate Plymouth Boot Screen...
[[0;32m  OK  [0m] Started Hold until boot process finishes up.
[[0;32m  OK  [0m] Started Terminate Plymouth Boot Screen.
[[0;32m  OK  [0m] Started Serial Getty on ttyS0.
[[0;32m  OK  [0m] Started Getty on tty1.
[[0;32m  OK  [0m] Reached target Login Prompts.
         Starting Set console scheme...
[[0;32m  OK  [0m] Started LXD - container startup/shutdown.
[[0;32m  OK  [0m] Started Set console scheme.
[[0;32m  OK  [0m] Started LSB: automatic crash report generation.
[[0;32m  OK  [0m] Started LSB: Set the CPU Frequency Scaling governor to "ondemand".
[[0;32m  OK  [0m] Started LSB: daemon to balance interrupts for SMP systems.
[[0;32m  OK  [0m] Started Virtualbox guest utils.
[[0;32m  OK  [0m] Started Pollinate to seed the pseudo random number generator.
         Starting OpenBSD Secure Shell server...
[[0;32m  OK  [0m] Started OpenBSD Secure Shell server.
[[0;32m  OK  [0m] Started Snappy daemon.
         Starting Wait until snapd is fully seeded...
[[0;32m  OK  [0m] Created slice User Slice of vagrant.
         Starting User Manager for UID 1000...
[[0;32m  OK  [0m] Started Session 1 of user vagrant.
[[0;32m  OK  [0m] Started User Manager for UID 1000.

Ubuntu 16.04.6 LTS ubuntu-xenial ttyS0

ubuntu-xenial login: [   36.145093] cloud-init[1391]: Generating locales (this might take a while)...
[   39.264568] cloud-init[1391]:   en_US.UTF-8... done
[   39.268853] cloud-init[1391]: Generation complete.
[   41.472644] cloud-init[1391]: Cloud-init v. 19.1-1-gbaa47854-0ubuntu1~16.04.1 running 'modules:config' at Thu, 22 Aug 2019 17:00:43 +0000. Up 35.46 seconds.
ci-info: no authorized ssh keys fingerprints found for user ubuntu.
<14>Aug 22 17:00:50 ec2: 
<14>Aug 22 17:00:50 ec2: #############################################################
<14>Aug 22 17:00:50 ec2: -----BEGIN SSH HOST KEY FINGERPRINTS-----
<14>Aug 22 17:00:50 ec2: 1024 SHA256:XATIdF2MiFUiFP4hRFKYKRfHbgfl8/YD5lNaaTyJ+Wo root@ubuntu-xenial (DSA)
<14>Aug 22 17:00:50 ec2: 256 SHA256:DyKUGcbFuA6EnRvBCEpYCyOoQJIHvom3l+XhbWmZ5pI root@ubuntu-xenial (ECDSA)
<14>Aug 22 17:00:50 ec2: 256 SHA256:Eq+HKx4odXgObVs0TFGBByaD3rT0AniM2aL1btEgCqk root@ubuntu-xenial (ED25519)
<14>Aug 22 17:00:50 ec2: 2048 SHA256:G5Np1ygrEZGCxnFGGpbpnmmGgcjbpyFLcqj/brj8CDo root@ubuntu-xenial (RSA)
<14>Aug 22 17:00:50 ec2: -----END SSH HOST KEY FINGERPRINTS-----
<14>Aug 22 17:00:50 ec2: #############################################################
-----BEGIN SSH HOST KEY KEYS-----
ecdsa-sha2-nistp256 AAAAE2VjZHNhLXNoYTItbmlzdHAyNTYAAAAIbmlzdHAyNTYAAABBBIy9Oglue1gzDYlPR212mw2wSEJcfdE/lGqVWqvg4IbYLfGAJI4ptqqgrUVoMfBbT4HyY1lN+kLg2rN/xhYiKic= root@ubuntu-xenial
ssh-ed25519 AAAAC3NzaC1lZDI1NTE5AAAAIC5AAcRM652+lgKK8sM8H3/Yz90pjd4FNnh6RNp4bD7y root@ubuntu-xenial
ssh-rsa AAAAB3NzaC1yc2EAAAADAQABAAABAQD+FEbIuAAIIhVKO6h3FQ3Kcs5/4zohki+i6NWKCA1XsoiTFSSp+yOlQdFQWPgOz6saARNzWVgCOUcQ8Gfg5TZmmi9hvITZ9L/pyOOcQfbjk6IJSHb648JuBC+4JJYB8TcbII7Jzi5qq0cLMLcK2bbQU0xzxDzinupwdtgvO6lYQBw5MwrR2HoK5wp702hM4rpUXY0keN4VqU+jahXV2yKN1uEKXndr80OQrCWN+nWTfMfY35lwrxiuzPlhqfJ77YM8hHlnJ0cGw+7A8X/Xrb6S7xeF9FBNozDqCfZE9J5gM+PNKJ3MsYeq94R/advmOwq7qvvNjD5weEzjjVttVmJ/ root@ubuntu-xenial
-----END SSH HOST KEY KEYS-----
[   43.266669] cloud-init[1571]: Cloud-init v. 19.1-1-gbaa47854-0ubuntu1~16.04.1 running 'modules:final' at Thu, 22 Aug 2019 17:00:50 +0000. Up 42.58 seconds.
[   43.267662] cloud-init[1571]: ci-info: no authorized ssh keys fingerprints found for user ubuntu.
[   43.268491] cloud-init[1571]: Cloud-init v. 19.1-1-gbaa47854-0ubuntu1~16.04.1 finished at Thu, 22 Aug 2019 17:00:50 +0000. Datasource DataSourceNoCloud [seed=/dev/sdb][dsmode=net].  Up 43.23 seconds
